#
# There is insufficient memory for the Java Runtime Environment to continue.
# Native memory allocation (mmap) failed to map 88080384 bytes for committing reserved memory.
# Possible reasons:
#   The system is out of physical RAM or swap space
#   In 32 bit mode, the process size limit was hit
# Possible solutions:
#   Reduce memory load on the system
#   Increase physical memory or swap space
#   Check if swap backing store is full
#   Use 64 bit Java on a 64 bit OS
#   Decrease Java heap size (-Xmx/-Xms)
#   Decrease number of Java threads
#   Decrease Java thread stack sizes (-Xss)
#   Set larger code cache with -XX:ReservedCodeCacheSize=
# This output file may be truncated or incomplete.
#
#  Out of Memory Error (os_linux.cpp:2643), pid=24501, tid=0x00007f6b0b9f9700
#
# JRE version: OpenJDK Runtime Environment (8.0_151-b12) (build 1.8.0_151-8u151-b12-0ubuntu0.16.04.2-b12)
# Java VM: OpenJDK 64-Bit Server VM (25.151-b12 mixed mode linux-amd64 compressed oops)
# Failed to write core dump. Core dumps have been disabled. To enable core dumping, try "ulimit -c unlimited" before starting Java again
#

---------------  T H R E A D  ---------------

Current thread (0x00007f6b30077000):  VMThread [stack: 0x00007f6b0b8f9000,0x00007f6b0b9fa000] [id=24507]

Stack: [0x00007f6b0b8f9000,0x00007f6b0b9fa000],  sp=0x00007f6b0b9f8480,  free space=1021k
Native frames: (J=compiled Java code, j=interpreted, Vv=VM code, C=native code)
V  [libjvm.so+0xa684eb]
V  [libjvm.so+0x4c579c]
V  [libjvm.so+0x8b6b50]
V  [libjvm.so+0x8b0fce]
V  [libjvm.so+0x92b806]
V  [libjvm.so+0x91ae9a]
V  [libjvm.so+0x91b0a3]
V  [libjvm.so+0x91ba08]
V  [libjvm.so+0x921cce]
V  [libjvm.so+0x92966d]
V  [libjvm.so+0x8db3c3]
V  [libjvm.so+0xa6a192]
V  [libjvm.so+0xa6f277]
V  [libjvm.so+0xa6ca47]
V  [libjvm.so+0xa6decf]
V  [libjvm.so+0xa6e3c1]
V  [libjvm.so+0x8b4032]

VM_Operation (0x00007f6b38b8d700): ParallelGCFailedAllocation, mode: safepoint, requested by thread 0x00007f6b3000a000


---------------  P R O C E S S  ---------------

Java Threads: ( => current thread )
  0x00007f6b300c1000 JavaThread "Service Thread" daemon [_thread_blocked, id=24514, stack(0x00007f6b0a9b2000,0x00007f6b0aab3000)]
  0x00007f6b300b2000 JavaThread "C1 CompilerThread2" daemon [_thread_blocked, id=24513, stack(0x00007f6b0aab3000,0x00007f6b0abb4000)]
  0x00007f6b300b0000 JavaThread "C2 CompilerThread1" daemon [_thread_blocked, id=24512, stack(0x00007f6b0abb4000,0x00007f6b0acb5000)]
  0x00007f6b300ad000 JavaThread "C2 CompilerThread0" daemon [_thread_blocked, id=24511, stack(0x00007f6b0acb5000,0x00007f6b0adb6000)]
  0x00007f6b300ab000 JavaThread "Signal Dispatcher" daemon [_thread_blocked, id=24510, stack(0x00007f6b0adb6000,0x00007f6b0aeb7000)]
  0x00007f6b30083800 JavaThread "Finalizer" daemon [_thread_blocked, id=24509, stack(0x00007f6b0b6f7000,0x00007f6b0b7f8000)]
  0x00007f6b3007f000 JavaThread "Reference Handler" daemon [_thread_blocked, id=24508, stack(0x00007f6b0b7f8000,0x00007f6b0b8f9000)]
  0x00007f6b3000a000 JavaThread "main" [_thread_blocked, id=24502, stack(0x00007f6b38a8e000,0x00007f6b38b8f000)]

Other Threads:
=>0x00007f6b30077000 VMThread [stack: 0x00007f6b0b8f9000,0x00007f6b0b9fa000] [id=24507]
  0x00007f6b300c3800 WatcherThread [stack: 0x00007f6b0a8b1000,0x00007f6b0a9b2000] [id=24515]

VM state:at safepoint (normal execution)

VM Mutex/Monitor currently owned by a thread:  ([mutex/lock_event])
[0x00007f6b30005a40] ExpandHeap_lock - owner thread: 0x00007f6b30077000
[0x00007f6b300060c0] Threads_lock - owner thread: 0x00007f6b30077000
[0x00007f6b300065c0] Heap_lock - owner thread: 0x00007f6b3000a000

Heap:
 PSYoungGen      total 419328K, used 49803K [0x00000000d6d80000, 0x0000000100000000, 0x0000000100000000)
  eden space 194560K, 0% used [0x00000000d6d80000,0x00000000d6d80000,0x00000000e2b80000)
  from space 224768K, 22% used [0x00000000e2b80000,0x00000000e5c22fa8,0x00000000f0700000)
  to   space 224768K, 0% used [0x00000000f2480000,0x00000000f2480000,0x0000000100000000)
 ParOldGen       total 1263104K, used 1263004K [0x0000000084800000, 0x00000000d1980000, 0x00000000d6d80000)
  object space 1263104K, 99% used [0x0000000084800000,0x00000000d19672c0,0x00000000d1980000)
 Metaspace       used 2694K, capacity 4566K, committed 4864K, reserved 1056768K
  class space    used 282K, capacity 390K, committed 512K, reserved 1048576K

Card table byte_map: [0x00007f6b34d6f000,0x00007f6b3514c000] byte_map_base: 0x00007f6b3494b000

Marking Bits: (ParMarkBitMap*) 0x00007f6b37d5f2c0
 Begin Bits: [0x00007f6b10240000, 0x00007f6b12120000)
 End Bits:   [0x00007f6b12120000, 0x00007f6b14000000)

Polling page: 0x00007f6b38bb3000

CodeCache: size=245760Kb used=1326Kb max_used=1339Kb free=244434Kb
 bounds [0x00007f6b21000000, 0x00007f6b21270000, 0x00007f6b30000000]
 total_blobs=326 nmethods=97 adapters=145
 compilation: enabled

Compilation events (10 events):
Event: 0.077 Thread 0x00007f6b300b0000 nmethod 91 0x00007f6b21142b10 code [0x00007f6b21142c60, 0x00007f6b21142db8]
Event: 0.078 Thread 0x00007f6b300ad000 nmethod 90 0x00007f6b211401d0 code [0x00007f6b21140360, 0x00007f6b21140938]
Event: 0.079 Thread 0x00007f6b300b2000   93 %     3       Planner::Schedule @ 263 (342 bytes)
Event: 0.080 Thread 0x00007f6b300b2000 nmethod 93% 0x00007f6b21147a10 code [0x00007f6b21147e40, 0x00007f6b21149f68]
Event: 0.080 Thread 0x00007f6b300b2000   94       3       Planner::Schedule (342 bytes)
Event: 0.081 Thread 0x00007f6b300b2000 nmethod 94 0x00007f6b2114b750 code [0x00007f6b2114bb60, 0x00007f6b2114db88]
Event: 0.082 Thread 0x00007f6b300b2000   95       3       java.util.concurrent.ConcurrentHashMap::tabAt (21 bytes)
Event: 0.082 Thread 0x00007f6b300b2000 nmethod 95 0x00007f6b211426d0 code [0x00007f6b21142840, 0x00007f6b21142a70]
Event: 0.082 Thread 0x00007f6b300b0000   97 %     4       Planner::Schedule @ 263 (342 bytes)
Event: 0.091 Thread 0x00007f6b300b0000 nmethod 97% 0x00007f6b2114f310 code [0x00007f6b2114f4e0, 0x00007f6b21150078]

GC Heap History (10 events):
Event: 8.991 GC heap after
Heap after GC invocations=14 (full 4):
 PSYoungGen      total 371200K, used 224768K [0x00000000d6d80000, 0x00000000fbc00000, 0x0000000100000000)
  eden space 146432K, 0% used [0x00000000d6d80000,0x00000000d6d80000,0x00000000dfc80000)
  from space 224768K, 100% used [0x00000000ee080000,0x00000000fbc00000,0x00000000fbc00000)
  to   space 224768K, 0% used [0x00000000e0500000,0x00000000e0500000,0x00000000ee080000)
 ParOldGen       total 839680K, used 592456K [0x0000000084800000, 0x00000000b7c00000, 0x00000000d6d80000)
  object space 839680K, 70% used [0x0000000084800000,0x00000000a8a92328,0x00000000b7c00000)
 Metaspace       used 2694K, capacity 4566K, committed 4864K, reserved 1056768K
  class space    used 282K, capacity 390K, committed 512K, reserved 1048576K
}
Event: 9.085 GC heap before
{Heap before GC invocations=15 (full 4):
 PSYoungGen      total 371200K, used 371200K [0x00000000d6d80000, 0x00000000fbc00000, 0x0000000100000000)
  eden space 146432K, 100% used [0x00000000d6d80000,0x00000000dfc80000,0x00000000dfc80000)
  from space 224768K, 100% used [0x00000000ee080000,0x00000000fbc00000,0x00000000fbc00000)
  to   space 224768K, 0% used [0x00000000e0500000,0x00000000e0500000,0x00000000ee080000)
 ParOldGen       total 839680K, used 592456K [0x0000000084800000, 0x00000000b7c00000, 0x00000000d6d80000)
  object space 839680K, 70% used [0x0000000084800000,0x00000000a8a92328,0x00000000b7c00000)
 Metaspace       used 2694K, capacity 4566K, committed 4864K, reserved 1056768K
  class space    used 282K, capacity 390K, committed 512K, reserved 1048576K
Event: 9.431 GC heap after
Heap after GC invocations=15 (full 4):
 PSYoungGen      total 379904K, used 224768K [0x00000000d6d80000, 0x00000000fe280000, 0x0000000100000000)
  eden space 155136K, 0% used [0x00000000d6d80000,0x00000000d6d80000,0x00000000e0500000)
  from space 224768K, 100% used [0x00000000e0500000,0x00000000ee080000,0x00000000ee080000)
  to   space 224768K, 0% used [0x00000000f0700000,0x00000000f0700000,0x00000000fe280000)
 ParOldGen       total 839680K, used 739456K [0x0000000084800000, 0x00000000b7c00000, 0x00000000d6d80000)
  object space 839680K, 88% used [0x0000000084800000,0x00000000b1a20328,0x00000000b7c00000)
 Metaspace       used 2694K, capacity 4566K, committed 4864K, reserved 1056768K
  class space    used 282K, capacity 390K, committed 512K, reserved 1048576K
}
Event: 9.431 GC heap before
{Heap before GC invocations=16 (full 5):
 PSYoungGen      total 379904K, used 224768K [0x00000000d6d80000, 0x00000000fe280000, 0x0000000100000000)
  eden space 155136K, 0% used [0x00000000d6d80000,0x00000000d6d80000,0x00000000e0500000)
  from space 224768K, 100% used [0x00000000e0500000,0x00000000ee080000,0x00000000ee080000)
  to   space 224768K, 0% used [0x00000000f0700000,0x00000000f0700000,0x00000000fe280000)
 ParOldGen       total 839680K, used 739456K [0x0000000084800000, 0x00000000b7c00000, 0x00000000d6d80000)
  object space 839680K, 88% used [0x0000000084800000,0x00000000b1a20328,0x00000000b7c00000)
 Metaspace       used 2694K, capacity 4566K, committed 4864K, reserved 1056768K
  class space    used 282K, capacity 390K, committed 512K, reserved 1048576K
Event: 12.941 GC heap after
Heap after GC invocations=16 (full 5):
 PSYoungGen      total 379904K, used 123783K [0x00000000d6d80000, 0x00000000fe280000, 0x0000000100000000)
  eden space 155136K, 0% used [0x00000000d6d80000,0x00000000d6d80000,0x00000000e0500000)
  from space 224768K, 55% used [0x00000000e0500000,0x00000000e7de1c00,0x00000000ee080000)
  to   space 224768K, 0% used [0x00000000f0700000,0x00000000f0700000,0x00000000fe280000)
 ParOldGen       total 1263104K, used 839332K [0x0000000084800000, 0x00000000d1980000, 0x00000000d6d80000)
  object space 1263104K, 66% used [0x0000000084800000,0x00000000b7ba9320,0x00000000d1980000)
 Metaspace       used 2694K, capacity 4566K, committed 4864K, reserved 1056768K
  class space    used 282K, capacity 390K, committed 512K, reserved 1048576K
}
Event: 13.041 GC heap before
{Heap before GC invocations=17 (full 5):
 PSYoungGen      total 379904K, used 278919K [0x00000000d6d80000, 0x00000000fe280000, 0x0000000100000000)
  eden space 155136K, 100% used [0x00000000d6d80000,0x00000000e0500000,0x00000000e0500000)
  from space 224768K, 55% used [0x00000000e0500000,0x00000000e7de1c00,0x00000000ee080000)
  to   space 224768K, 0% used [0x00000000f0700000,0x00000000f0700000,0x00000000fe280000)
 ParOldGen       total 1263104K, used 839332K [0x0000000084800000, 0x00000000d1980000, 0x00000000d6d80000)
  object space 1263104K, 66% used [0x0000000084800000,0x00000000b7ba9320,0x00000000d1980000)
 Metaspace       used 2694K, capacity 4566K, committed 4864K, reserved 1056768K
  class space    used 282K, capacity 390K, committed 512K, reserved 1048576K
Event: 13.328 GC heap after
Heap after GC invocations=17 (full 5):
 PSYoungGen      total 419328K, used 217408K [0x00000000d6d80000, 0x00000000fe300000, 0x0000000100000000)
  eden space 194560K, 0% used [0x00000000d6d80000,0x00000000d6d80000,0x00000000e2b80000)
  from space 224768K, 96% used [0x00000000f0700000,0x00000000fdb50000,0x00000000fe280000)
  to   space 224768K, 0% used [0x00000000e2b80000,0x00000000e2b80000,0x00000000f0700000)
 ParOldGen       total 1263104K, used 901372K [0x0000000084800000, 0x00000000d1980000, 0x00000000d6d80000)
  object space 1263104K, 71% used [0x0000000084800000,0x00000000bb83f320,0x00000000d1980000)
 Metaspace       used 2694K, capacity 4566K, committed 4864K, reserved 1056768K
  class space    used 282K, capacity 390K, committed 512K, reserved 1048576K
}
Event: 13.454 GC heap before
{Heap before GC invocations=18 (full 5):
 PSYoungGen      total 419328K, used 411968K [0x00000000d6d80000, 0x00000000fe300000, 0x0000000100000000)
  eden space 194560K, 100% used [0x00000000d6d80000,0x00000000e2b80000,0x00000000e2b80000)
  from space 224768K, 96% used [0x00000000f0700000,0x00000000fdb50000,0x00000000fe280000)
  to   space 224768K, 0% used [0x00000000e2b80000,0x00000000e2b80000,0x00000000f0700000)
 ParOldGen       total 1263104K, used 901372K [0x0000000084800000, 0x00000000d1980000, 0x00000000d6d80000)
  object space 1263104K, 71% used [0x0000000084800000,0x00000000bb83f320,0x00000000d1980000)
 Metaspace       used 2694K, capacity 4566K, committed 4864K, reserved 1056768K
  class space    used 282K, capacity 390K, committed 512K, reserved 1048576K
Event: 13.929 GC heap after
Heap after GC invocations=18 (full 5):
 PSYoungGen      total 419328K, used 194816K [0x00000000d6d80000, 0x0000000100000000, 0x0000000100000000)
  eden space 194560K, 0% used [0x00000000d6d80000,0x00000000d6d80000,0x00000000e2b80000)
  from space 224768K, 86% used [0x00000000e2b80000,0x00000000ee9c0000,0x00000000f0700000)
  to   space 224768K, 0% used [0x00000000f2480000,0x00000000f2480000,0x0000000100000000)
 ParOldGen       total 1263104K, used 1119364K [0x0000000084800000, 0x00000000d1980000, 0x00000000d6d80000)
  object space 1263104K, 88% used [0x0000000084800000,0x00000000c8d21320,0x00000000d1980000)
 Metaspace       used 2694K, capacity 4566K, committed 4864K, reserved 1056768K
  class space    used 282K, capacity 390K, committed 512K, reserved 1048576K
}
Event: 13.930 GC heap before
{Heap before GC invocations=19 (full 6):
 PSYoungGen      total 419328K, used 194816K [0x00000000d6d80000, 0x0000000100000000, 0x0000000100000000)
  eden space 194560K, 0% used [0x00000000d6d80000,0x00000000d6d80000,0x00000000e2b80000)
  from space 224768K, 86% used [0x00000000e2b80000,0x00000000ee9c0000,0x00000000f0700000)
  to   space 224768K, 0% used [0x00000000f2480000,0x00000000f2480000,0x0000000100000000)
 ParOldGen       total 1263104K, used 1119364K [0x0000000084800000, 0x00000000d1980000, 0x00000000d6d80000)
  object space 1263104K, 88% used [0x0000000084800000,0x00000000c8d21320,0x00000000d1980000)
 Metaspace       used 2694K, capacity 4566K, committed 4864K, reserved 1056768K
  class space    used 282K, capacity 390K, committed 512K, reserved 1048576K

Deoptimization events (3 events):
Event: 0.056 Thread 0x00007f6b3000a000 Uncommon trap: reason=unstable_if action=reinterpret pc=0x00007f6b2111b9b4 method=java.nio.charset.CoderResult.isOverflow()Z @ 5
Event: 0.082 Thread 0x00007f6b3000a000 Uncommon trap: reason=class_check action=maybe_recompile pc=0x00007f6b21140740 method=java.util.HashMap.hash(Ljava/lang/Object;)I @ 9
Event: 0.082 Thread 0x00007f6b3000a000 Uncommon trap: reason=class_check action=maybe_recompile pc=0x00007f6b2113f59c method=java.util.HashMap.getNode(ILjava/lang/Object;)Ljava/util/HashMap$Node; @ 59

Internal exceptions (2 events):
Event: 0.018 Thread 0x00007f6b3000a000 Exception <a 'java/lang/NoSuchMethodError': Method sun.misc.Unsafe.defineClass(Ljava/lang/String;[BII)Ljava/lang/Class; name or signature does not match> (0x00000000d6d87ca8) thrown at [/build/openjdk-8-W2Qe27/openjdk-8-8u151-b12/src/hotspot/src/share/vm/
Event: 0.018 Thread 0x00007f6b3000a000 Exception <a 'java/lang/NoSuchMethodError': Method sun.misc.Unsafe.prefetchRead(Ljava/lang/Object;J)V name or signature does not match> (0x00000000d6d87f90) thrown at [/build/openjdk-8-W2Qe27/openjdk-8-8u151-b12/src/hotspot/src/share/vm/prims/jni.cpp, lin

Events (10 events):
Event: 5.274 Executing VM operation: ParallelGCFailedAllocation done
Event: 5.348 Executing VM operation: ParallelGCFailedAllocation
Event: 8.654 Executing VM operation: ParallelGCFailedAllocation done
Event: 8.728 Executing VM operation: ParallelGCFailedAllocation
Event: 8.991 Executing VM operation: ParallelGCFailedAllocation done
Event: 9.085 Executing VM operation: ParallelGCFailedAllocation
Event: 12.941 Executing VM operation: ParallelGCFailedAllocation done
Event: 13.041 Executing VM operation: ParallelGCFailedAllocation
Event: 13.328 Executing VM operation: ParallelGCFailedAllocation done
Event: 13.454 Executing VM operation: ParallelGCFailedAllocation


Dynamic libraries:
00400000-00401000 r-xp 00000000 08:06 4201895                            /usr/lib/jvm/java-8-openjdk-amd64/jre/bin/java
00600000-00601000 r--p 00000000 08:06 4201895                            /usr/lib/jvm/java-8-openjdk-amd64/jre/bin/java
00601000-00602000 rw-p 00001000 08:06 4201895                            /usr/lib/jvm/java-8-openjdk-amd64/jre/bin/java
013db000-013fc000 rw-p 00000000 00:00 0                                  [heap]
84800000-d1980000 rw-p 00000000 00:00 0 
d6d80000-100000000 rw-p 00000000 00:00 0 
100000000-100080000 rw-p 00000000 00:00 0 
100080000-140000000 ---p 00000000 00:00 0 
7f6ae4000000-7f6ae4021000 rw-p 00000000 00:00 0 
7f6ae4021000-7f6ae8000000 ---p 00000000 00:00 0 
7f6ae8000000-7f6ae8021000 rw-p 00000000 00:00 0 
7f6ae8021000-7f6aec000000 ---p 00000000 00:00 0 
7f6aec000000-7f6aec133000 rw-p 00000000 00:00 0 
7f6aec133000-7f6af0000000 ---p 00000000 00:00 0 
7f6af0000000-7f6af01e9000 rw-p 00000000 00:00 0 
7f6af01e9000-7f6af4000000 ---p 00000000 00:00 0 
7f6af4000000-7f6af4021000 rw-p 00000000 00:00 0 
7f6af4021000-7f6af8000000 ---p 00000000 00:00 0 
7f6af8000000-7f6af8106000 rw-p 00000000 00:00 0 
7f6af8106000-7f6afc000000 ---p 00000000 00:00 0 
7f6afc000000-7f6afc021000 rw-p 00000000 00:00 0 
7f6afc021000-7f6b00000000 ---p 00000000 00:00 0 
7f6b00000000-7f6b00021000 rw-p 00000000 00:00 0 
7f6b00021000-7f6b04000000 ---p 00000000 00:00 0 
7f6b04000000-7f6b04021000 rw-p 00000000 00:00 0 
7f6b04021000-7f6b08000000 ---p 00000000 00:00 0 
7f6b0a8b1000-7f6b0a8b2000 ---p 00000000 00:00 0 
7f6b0a8b2000-7f6b0a9b2000 rw-p 00000000 00:00 0 
7f6b0a9b2000-7f6b0a9b5000 ---p 00000000 00:00 0 
7f6b0a9b5000-7f6b0aab3000 rw-p 00000000 00:00 0 
7f6b0aab3000-7f6b0aab6000 ---p 00000000 00:00 0 
7f6b0aab6000-7f6b0abb4000 rw-p 00000000 00:00 0 
7f6b0abb4000-7f6b0abb7000 ---p 00000000 00:00 0 
7f6b0abb7000-7f6b0acb5000 rw-p 00000000 00:00 0 
7f6b0acb5000-7f6b0acb8000 ---p 00000000 00:00 0 
7f6b0acb8000-7f6b0adb6000 rw-p 00000000 00:00 0 
7f6b0adb6000-7f6b0adb9000 ---p 00000000 00:00 0 
7f6b0adb9000-7f6b0aeb7000 rw-p 00000000 00:00 0 
7f6b0aeb7000-7f6b0b6f7000 r--p 00000000 08:06 4071626                    /usr/lib/locale/locale-archive
7f6b0b6f7000-7f6b0b6fa000 ---p 00000000 00:00 0 
7f6b0b6fa000-7f6b0b7f8000 rw-p 00000000 00:00 0 
7f6b0b7f8000-7f6b0b7fb000 ---p 00000000 00:00 0 
7f6b0b7fb000-7f6b0b8f9000 rw-p 00000000 00:00 0 
7f6b0b8f9000-7f6b0b8fa000 ---p 00000000 00:00 0 
7f6b0b8fa000-7f6b0c000000 rw-p 00000000 00:00 0 
7f6b0c000000-7f6b0c021000 rw-p 00000000 00:00 0 
7f6b0c021000-7f6b10000000 ---p 00000000 00:00 0 
7f6b1003e000-7f6b14000000 rw-p 00000000 00:00 0 
7f6b14000000-7f6b14021000 rw-p 00000000 00:00 0 
7f6b14021000-7f6b18000000 ---p 00000000 00:00 0 
7f6b18000000-7f6b18021000 rw-p 00000000 00:00 0 
7f6b18021000-7f6b1c000000 ---p 00000000 00:00 0 
7f6b1c000000-7f6b1c021000 rw-p 00000000 00:00 0 
7f6b1c021000-7f6b20000000 ---p 00000000 00:00 0 
7f6b200a2000-7f6b200bd000 r--s 001d6000 08:06 4201819                    /usr/lib/jvm/java-8-openjdk-amd64/jre/lib/ext/nashorn.jar
7f6b200bd000-7f6b200d8000 r--s 00394000 08:06 4201817                    /usr/lib/jvm/java-8-openjdk-amd64/jre/lib/ext/cldrdata.jar
7f6b200d8000-7f6b20c40000 rw-p 00000000 00:00 0 
7f6b20c40000-7f6b21000000 ---p 00000000 00:00 0 
7f6b21000000-7f6b21270000 rwxp 00000000 00:00 0 
7f6b21270000-7f6b30000000 ---p 00000000 00:00 0 
7f6b30000000-7f6b3013c000 rw-p 00000000 00:00 0 
7f6b3013c000-7f6b34000000 ---p 00000000 00:00 0 
7f6b34006000-7f6b340b7000 rw-p 00000000 00:00 0 
7f6b340b7000-7f6b34286000 r--s 03c21000 08:06 4201812                    /usr/lib/jvm/java-8-openjdk-amd64/jre/lib/rt.jar
7f6b34286000-7f6b346d8000 rw-p 00000000 00:00 0 
7f6b346d8000-7f6b346d9000 ---p 00000000 00:00 0 
7f6b346d9000-7f6b347d9000 rw-p 00000000 00:00 0 
7f6b347d9000-7f6b347da000 ---p 00000000 00:00 0 
7f6b347da000-7f6b348da000 rw-p 00000000 00:00 0 
7f6b348da000-7f6b348db000 ---p 00000000 00:00 0 
7f6b348db000-7f6b349db000 rw-p 00000000 00:00 0 
7f6b349db000-7f6b349dc000 ---p 00000000 00:00 0 
7f6b349dc000-7f6b34d45000 rw-p 00000000 00:00 0 
7f6b34d45000-7f6b34d6f000 ---p 00000000 00:00 0 
7f6b34d6f000-7f6b34fd8000 rw-p 00000000 00:00 0 
7f6b34fd8000-7f6b35001000 ---p 00000000 00:00 0 
7f6b35001000-7f6b3514b000 rw-p 00000000 00:00 0 
7f6b3514b000-7f6b35156000 rw-p 00000000 00:00 0 
7f6b35156000-7f6b3550c000 ---p 00000000 00:00 0 
7f6b3550c000-7f6b35514000 r-xp 00000000 08:06 4201863                    /usr/lib/jvm/java-8-openjdk-amd64/jre/lib/amd64/libzip.so
7f6b35514000-7f6b35713000 ---p 00008000 08:06 4201863                    /usr/lib/jvm/java-8-openjdk-amd64/jre/lib/amd64/libzip.so
7f6b35713000-7f6b35714000 r--p 00007000 08:06 4201863                    /usr/lib/jvm/java-8-openjdk-amd64/jre/lib/amd64/libzip.so
7f6b35714000-7f6b35715000 rw-p 00008000 08:06 4201863                    /usr/lib/jvm/java-8-openjdk-amd64/jre/lib/amd64/libzip.so
7f6b35715000-7f6b35720000 r-xp 00000000 08:06 3150559                    /lib/x86_64-linux-gnu/libnss_files-2.23.so
7f6b35720000-7f6b3591f000 ---p 0000b000 08:06 3150559                    /lib/x86_64-linux-gnu/libnss_files-2.23.so
7f6b3591f000-7f6b35920000 r--p 0000a000 08:06 3150559                    /lib/x86_64-linux-gnu/libnss_files-2.23.so
7f6b35920000-7f6b35921000 rw-p 0000b000 08:06 3150559                    /lib/x86_64-linux-gnu/libnss_files-2.23.so
7f6b35921000-7f6b35927000 rw-p 00000000 00:00 0 
7f6b35927000-7f6b35932000 r-xp 00000000 08:06 3150570                    /lib/x86_64-linux-gnu/libnss_nis-2.23.so
7f6b35932000-7f6b35b31000 ---p 0000b000 08:06 3150570                    /lib/x86_64-linux-gnu/libnss_nis-2.23.so
7f6b35b31000-7f6b35b32000 r--p 0000a000 08:06 3150570                    /lib/x86_64-linux-gnu/libnss_nis-2.23.so
7f6b35b32000-7f6b35b33000 rw-p 0000b000 08:06 3150570                    /lib/x86_64-linux-gnu/libnss_nis-2.23.so
7f6b35b33000-7f6b35b49000 r-xp 00000000 08:06 3150553                    /lib/x86_64-linux-gnu/libnsl-2.23.so
7f6b35b49000-7f6b35d48000 ---p 00016000 08:06 3150553                    /lib/x86_64-linux-gnu/libnsl-2.23.so
7f6b35d48000-7f6b35d49000 r--p 00015000 08:06 3150553                    /lib/x86_64-linux-gnu/libnsl-2.23.so
7f6b35d49000-7f6b35d4a000 rw-p 00016000 08:06 3150553                    /lib/x86_64-linux-gnu/libnsl-2.23.so
7f6b35d4a000-7f6b35d4c000 rw-p 00000000 00:00 0 
7f6b35d4c000-7f6b35d54000 r-xp 00000000 08:06 3150555                    /lib/x86_64-linux-gnu/libnss_compat-2.23.so
7f6b35d54000-7f6b35f53000 ---p 00008000 08:06 3150555                    /lib/x86_64-linux-gnu/libnss_compat-2.23.so
7f6b35f53000-7f6b35f54000 r--p 00007000 08:06 3150555                    /lib/x86_64-linux-gnu/libnss_compat-2.23.so
7f6b35f54000-7f6b35f55000 rw-p 00008000 08:06 3150555                    /lib/x86_64-linux-gnu/libnss_compat-2.23.so
7f6b35f55000-7f6b35f82000 r-xp 00000000 08:06 4201844                    /usr/lib/jvm/java-8-openjdk-amd64/jre/lib/amd64/libjava.so
7f6b35f82000-7f6b36181000 ---p 0002d000 08:06 4201844                    /usr/lib/jvm/java-8-openjdk-amd64/jre/lib/amd64/libjava.so
7f6b36181000-7f6b36182000 r--p 0002c000 08:06 4201844                    /usr/lib/jvm/java-8-openjdk-amd64/jre/lib/amd64/libjava.so
7f6b36182000-7f6b36184000 rw-p 0002d000 08:06 4201844                    /usr/lib/jvm/java-8-openjdk-amd64/jre/lib/amd64/libjava.so
7f6b36184000-7f6b36193000 r-xp 00000000 08:06 4201861                    /usr/lib/jvm/java-8-openjdk-amd64/jre/lib/amd64/libverify.so
7f6b36193000-7f6b36392000 ---p 0000f000 08:06 4201861                    /usr/lib/jvm/java-8-openjdk-amd64/jre/lib/amd64/libverify.so
7f6b36392000-7f6b36394000 r--p 0000e000 08:06 4201861                    /usr/lib/jvm/java-8-openjdk-amd64/jre/lib/amd64/libverify.so
7f6b36394000-7f6b36395000 rw-p 00010000 08:06 4201861                    /usr/lib/jvm/java-8-openjdk-amd64/jre/lib/amd64/libverify.so
7f6b36395000-7f6b3639c000 r-xp 00000000 08:06 3150615                    /lib/x86_64-linux-gnu/librt-2.23.so
7f6b3639c000-7f6b3659b000 ---p 00007000 08:06 3150615                    /lib/x86_64-linux-gnu/librt-2.23.so
7f6b3659b000-7f6b3659c000 r--p 00006000 08:06 3150615                    /lib/x86_64-linux-gnu/librt-2.23.so
7f6b3659c000-7f6b3659d000 rw-p 00007000 08:06 3150615                    /lib/x86_64-linux-gnu/librt-2.23.so
7f6b3659d000-7f6b365b3000 r-xp 00000000 08:06 3150500                    /lib/x86_64-linux-gnu/libgcc_s.so.1
7f6b365b3000-7f6b367b2000 ---p 00016000 08:06 3150500                    /lib/x86_64-linux-gnu/libgcc_s.so.1
7f6b367b2000-7f6b367b3000 rw-p 00015000 08:06 3150500                    /lib/x86_64-linux-gnu/libgcc_s.so.1
7f6b367b3000-7f6b368bb000 r-xp 00000000 08:06 3150532                    /lib/x86_64-linux-gnu/libm-2.23.so
7f6b368bb000-7f6b36aba000 ---p 00108000 08:06 3150532                    /lib/x86_64-linux-gnu/libm-2.23.so
7f6b36aba000-7f6b36abb000 r--p 00107000 08:06 3150532                    /lib/x86_64-linux-gnu/libm-2.23.so
7f6b36abb000-7f6b36abc000 rw-p 00108000 08:06 3150532                    /lib/x86_64-linux-gnu/libm-2.23.so
7f6b36abc000-7f6b36c2e000 r-xp 00000000 08:06 4073627                    /usr/lib/x86_64-linux-gnu/libstdc++.so.6.0.21
7f6b36c2e000-7f6b36e2e000 ---p 00172000 08:06 4073627                    /usr/lib/x86_64-linux-gnu/libstdc++.so.6.0.21
7f6b36e2e000-7f6b36e38000 r--p 00172000 08:06 4073627                    /usr/lib/x86_64-linux-gnu/libstdc++.so.6.0.21
7f6b36e38000-7f6b36e3a000 rw-p 0017c000 08:06 4073627                    /usr/lib/x86_64-linux-gnu/libstdc++.so.6.0.21
7f6b36e3a000-7f6b36e3e000 rw-p 00000000 00:00 0 
7f6b36e3e000-7f6b37a90000 r-xp 00000000 08:06 4201855                    /usr/lib/jvm/java-8-openjdk-amd64/jre/lib/amd64/server/libjvm.so
7f6b37a90000-7f6b37c90000 ---p 00c52000 08:06 4201855                    /usr/lib/jvm/java-8-openjdk-amd64/jre/lib/amd64/server/libjvm.so
7f6b37c90000-7f6b37d23000 r--p 00c52000 08:06 4201855                    /usr/lib/jvm/java-8-openjdk-amd64/jre/lib/amd64/server/libjvm.so
7f6b37d23000-7f6b37d4c000 rw-p 00ce5000 08:06 4201855                    /usr/lib/jvm/java-8-openjdk-amd64/jre/lib/amd64/server/libjvm.so
7f6b37d4c000-7f6b37d7c000 rw-p 00000000 00:00 0 
7f6b37d7c000-7f6b37d94000 r-xp 00000000 08:06 3150607                    /lib/x86_64-linux-gnu/libpthread-2.23.so
7f6b37d94000-7f6b37f93000 ---p 00018000 08:06 3150607                    /lib/x86_64-linux-gnu/libpthread-2.23.so
7f6b37f93000-7f6b37f94000 r--p 00017000 08:06 3150607                    /lib/x86_64-linux-gnu/libpthread-2.23.so
7f6b37f94000-7f6b37f95000 rw-p 00018000 08:06 3150607                    /lib/x86_64-linux-gnu/libpthread-2.23.so
7f6b37f95000-7f6b37f99000 rw-p 00000000 00:00 0 
7f6b37f99000-7f6b37f9c000 r-xp 00000000 08:06 3150486                    /lib/x86_64-linux-gnu/libdl-2.23.so
7f6b37f9c000-7f6b3819b000 ---p 00003000 08:06 3150486                    /lib/x86_64-linux-gnu/libdl-2.23.so
7f6b3819b000-7f6b3819c000 r--p 00002000 08:06 3150486                    /lib/x86_64-linux-gnu/libdl-2.23.so
7f6b3819c000-7f6b3819d000 rw-p 00003000 08:06 3150486                    /lib/x86_64-linux-gnu/libdl-2.23.so
7f6b3819d000-7f6b381b6000 r-xp 00000000 08:06 3150651                    /lib/x86_64-linux-gnu/libz.so.1.2.8
7f6b381b6000-7f6b383b5000 ---p 00019000 08:06 3150651                    /lib/x86_64-linux-gnu/libz.so.1.2.8
7f6b383b5000-7f6b383b6000 r--p 00018000 08:06 3150651                    /lib/x86_64-linux-gnu/libz.so.1.2.8
7f6b383b6000-7f6b383b7000 rw-p 00019000 08:06 3150651                    /lib/x86_64-linux-gnu/libz.so.1.2.8
7f6b383b7000-7f6b38577000 r-xp 00000000 08:06 3150464                    /lib/x86_64-linux-gnu/libc-2.23.so
7f6b38577000-7f6b38777000 ---p 001c0000 08:06 3150464                    /lib/x86_64-linux-gnu/libc-2.23.so
7f6b38777000-7f6b3877b000 r--p 001c0000 08:06 3150464                    /lib/x86_64-linux-gnu/libc-2.23.so
7f6b3877b000-7f6b3877d000 rw-p 001c4000 08:06 3150464                    /lib/x86_64-linux-gnu/libc-2.23.so
7f6b3877d000-7f6b38781000 rw-p 00000000 00:00 0 
7f6b38781000-7f6b3878e000 r-xp 00000000 08:06 4201859                    /usr/lib/jvm/java-8-openjdk-amd64/jre/lib/amd64/jli/libjli.so
7f6b3878e000-7f6b3898e000 ---p 0000d000 08:06 4201859                    /usr/lib/jvm/java-8-openjdk-amd64/jre/lib/amd64/jli/libjli.so
7f6b3898e000-7f6b3898f000 r--p 0000d000 08:06 4201859                    /usr/lib/jvm/java-8-openjdk-amd64/jre/lib/amd64/jli/libjli.so
7f6b3898f000-7f6b38990000 rw-p 0000e000 08:06 4201859                    /usr/lib/jvm/java-8-openjdk-amd64/jre/lib/amd64/jli/libjli.so
7f6b38990000-7f6b389b6000 r-xp 00000000 08:06 3150436                    /lib/x86_64-linux-gnu/ld-2.23.so
7f6b389bc000-7f6b389bf000 r--s 0000f000 08:06 4201816                    /usr/lib/jvm/java-8-openjdk-amd64/jre/lib/ext/icedtea-sound.jar
7f6b389bf000-7f6b389c1000 r--s 00001000 08:06 4201825                    /usr/lib/jvm/java-8-openjdk-amd64/jre/lib/ext/dnsns.jar
7f6b389c1000-7f6b389c3000 r--s 00008000 08:06 4201821                    /usr/lib/jvm/java-8-openjdk-amd64/jre/lib/ext/sunec.jar
7f6b389c3000-7f6b38a8e000 rw-p 00000000 00:00 0 
7f6b38a8e000-7f6b38a91000 ---p 00000000 00:00 0 
7f6b38a91000-7f6b38b93000 rw-p 00000000 00:00 0 
7f6b38b94000-7f6b38b98000 r--s 00037000 08:06 4201823                    /usr/lib/jvm/java-8-openjdk-amd64/jre/lib/ext/sunpkcs11.jar
7f6b38b98000-7f6b38b99000 r--s 0000a000 08:06 4201824                    /usr/lib/jvm/java-8-openjdk-amd64/jre/lib/ext/jaccess.jar
7f6b38b99000-7f6b38ba3000 r--s 00116000 08:06 4201822                    /usr/lib/jvm/java-8-openjdk-amd64/jre/lib/ext/localedata.jar
7f6b38ba3000-7f6b38ba4000 r--s 00010000 08:06 4201818                    /usr/lib/jvm/java-8-openjdk-amd64/jre/lib/ext/zipfs.jar
7f6b38ba4000-7f6b38baa000 r--s 0003a000 08:06 4201820                    /usr/lib/jvm/java-8-openjdk-amd64/jre/lib/ext/sunjce_provider.jar
7f6b38baa000-7f6b38bb2000 rw-s 00000000 08:06 3932942                    /tmp/hsperfdata_scsc/24501
7f6b38bb2000-7f6b38bb3000 rw-p 00000000 00:00 0 
7f6b38bb3000-7f6b38bb4000 ---p 00000000 00:00 0 
7f6b38bb4000-7f6b38bb5000 rw-p 00000000 00:00 0 
7f6b38bb5000-7f6b38bb6000 r--p 00025000 08:06 3150436                    /lib/x86_64-linux-gnu/ld-2.23.so
7f6b38bb6000-7f6b38bb7000 rw-p 00026000 08:06 3150436                    /lib/x86_64-linux-gnu/ld-2.23.so
7f6b38bb7000-7f6b38bb8000 rw-p 00000000 00:00 0 
7fffa79dc000-7fffa79fd000 rw-p 00000000 00:00 0                          [stack]
7fffa7b2d000-7fffa7b30000 r--p 00000000 00:00 0                          [vvar]
7fffa7b30000-7fffa7b32000 r-xp 00000000 00:00 0                          [vdso]
ffffffffff600000-ffffffffff601000 r-xp 00000000 00:00 0                  [vsyscall]

VM Arguments:
java_command: MainAir ./public/Hawaiian-airports.txt ./public/Hawaiian-flights.txt ./public/Hawaiian-customers10.txt
java_class_path (initial): .
Launcher Type: SUN_STANDARD

Environment Variables:
PATH=/home/scsc/bin:/home/scsc/.local/bin:/home/scsc/bin:/home/scsc/.local/bin:/usr/local/sbin:/usr/local/bin:/usr/sbin:/usr/bin:/sbin:/bin:/usr/games:/usr/local/games:/snap/bin:/usr/local/cuda-8.0
USERNAME=scsc
LD_LIBRARY_PATH=:/usr/local/cuda-8.0/lib64
SHELL=/bin/bash
DISPLAY=:1

Signal Handlers:
SIGSEGV: [libjvm.so+0xa69040], sa_mask[0]=11111111011111111101111111111110, sa_flags=SA_RESTART|SA_SIGINFO
SIGBUS: [libjvm.so+0xa69040], sa_mask[0]=11111111011111111101111111111110, sa_flags=SA_RESTART|SA_SIGINFO
SIGFPE: [libjvm.so+0x8b2170], sa_mask[0]=11111111011111111101111111111110, sa_flags=SA_RESTART|SA_SIGINFO
SIGPIPE: [libjvm.so+0x8b2170], sa_mask[0]=11111111011111111101111111111110, sa_flags=SA_RESTART|SA_SIGINFO
SIGXFSZ: [libjvm.so+0x8b2170], sa_mask[0]=11111111011111111101111111111110, sa_flags=SA_RESTART|SA_SIGINFO
SIGILL: [libjvm.so+0x8b2170], sa_mask[0]=11111111011111111101111111111110, sa_flags=SA_RESTART|SA_SIGINFO
SIGUSR1: SIG_DFL, sa_mask[0]=00000000000000000000000000000000, sa_flags=none
SIGUSR2: [libjvm.so+0x8b2020], sa_mask[0]=00000000000000000000000000000000, sa_flags=SA_RESTART|SA_SIGINFO
SIGHUP: [libjvm.so+0x8b24f0], sa_mask[0]=11111111011111111101111111111110, sa_flags=SA_RESTART|SA_SIGINFO
SIGINT: [libjvm.so+0x8b24f0], sa_mask[0]=11111111011111111101111111111110, sa_flags=SA_RESTART|SA_SIGINFO
SIGTERM: [libjvm.so+0x8b24f0], sa_mask[0]=11111111011111111101111111111110, sa_flags=SA_RESTART|SA_SIGINFO
SIGQUIT: [libjvm.so+0x8b24f0], sa_mask[0]=11111111011111111101111111111110, sa_flags=SA_RESTART|SA_SIGINFO


---------------  S Y S T E M  ---------------

OS:DISTRIB_ID=Ubuntu
DISTRIB_RELEASE=16.04
DISTRIB_CODENAME=xenial
DISTRIB_DESCRIPTION="Ubuntu 16.04.4 LTS"

uname:Linux 4.13.0-36-generic #40~16.04.1-Ubuntu SMP Fri Feb 16 23:25:58 UTC 2018 x86_64
libc:glibc 2.23 NPTL 2.23 
rlimit: STACK 8192k, CORE 0k, NPROC 30494, NOFILE 1048576, AS infinity
load average:1.79 1.51 1.10

/proc/meminfo:
MemTotal:        8093224 kB
MemFree:          115512 kB
MemAvailable:      14940 kB
Buffers:            1224 kB
Cached:           171744 kB
SwapCached:            0 kB
Active:          7492152 kB
Inactive:         139204 kB
Active(anon):    7472676 kB
Inactive(anon):   129940 kB
Active(file):      19476 kB
Inactive(file):     9264 kB
Unevictable:         148 kB
Mlocked:             148 kB
SwapTotal:             0 kB
SwapFree:              0 kB
Dirty:               412 kB
Writeback:             0 kB
AnonPages:       7458700 kB
Mapped:           234728 kB
Shmem:            144064 kB
Slab:             102016 kB
SReclaimable:      39580 kB
SUnreclaim:        62436 kB
KernelStack:       12960 kB
PageTables:        69340 kB
NFS_Unstable:          0 kB
Bounce:                0 kB
WritebackTmp:          0 kB
CommitLimit:     4046612 kB
Committed_AS:   14782000 kB
VmallocTotal:   34359738367 kB
VmallocUsed:           0 kB
VmallocChunk:          0 kB
HardwareCorrupted:     0 kB
AnonHugePages:         0 kB
ShmemHugePages:        0 kB
ShmemPmdMapped:        0 kB
CmaTotal:              0 kB
CmaFree:               0 kB
HugePages_Total:       0
HugePages_Free:        0
HugePages_Rsvd:        0
HugePages_Surp:        0
Hugepagesize:       2048 kB
DirectMap4k:      444908 kB
DirectMap2M:     6821888 kB
DirectMap1G:     2097152 kB


CPU:total 4 (initial active 4) (4 cores per cpu, 1 threads per core) family 6 model 60 stepping 3, cmov, cx8, fxsr, mmx, sse, sse2, sse3, ssse3, sse4.1, sse4.2, popcnt, avx, avx2, aes, clmul, erms, lzcnt, tsc, tscinvbit, bmi1, bmi2

/proc/cpuinfo:
processor	: 0
vendor_id	: GenuineIntel
cpu family	: 6
model		: 60
model name	: Intel(R) Core(TM) i5-4440 CPU @ 3.10GHz
stepping	: 3
microcode	: 0x7
cpu MHz		: 3099.874
cache size	: 6144 KB
physical id	: 0
siblings	: 4
core id		: 0
cpu cores	: 4
apicid		: 0
initial apicid	: 0
fpu		: yes
fpu_exception	: yes
cpuid level	: 13
wp		: yes
flags		: fpu vme de pse tsc msr pae mce cx8 apic sep mtrr pge mca cmov pat pse36 clflush dts acpi mmx fxsr sse sse2 ss ht tm pbe syscall nx pdpe1gb rdtscp lm constant_tsc arch_perfmon pebs bts rep_good nopl xtopology nonstop_tsc cpuid aperfmperf pni pclmulqdq dtes64 monitor ds_cpl vmx est tm2 ssse3 sdbg fma cx16 xtpr pdcm pcid sse4_1 sse4_2 x2apic movbe popcnt aes xsave avx f16c rdrand lahf_lm abm cpuid_fault invpcid_single pti retpoline tpr_shadow vnmi flexpriority ept vpid fsgsbase tsc_adjust bmi1 avx2 smep bmi2 erms invpcid xsaveopt dtherm ida arat pln pts
bugs		: cpu_meltdown spectre_v1 spectre_v2
bogomips	: 6199.74
clflush size	: 64
cache_alignment	: 64
address sizes	: 39 bits physical, 48 bits virtual
power management:

processor	: 1
vendor_id	: GenuineIntel
cpu family	: 6
model		: 60
model name	: Intel(R) Core(TM) i5-4440 CPU @ 3.10GHz
stepping	: 3
microcode	: 0x7
cpu MHz		: 3099.874
cache size	: 6144 KB
physical id	: 0
siblings	: 4
core id		: 1
cpu cores	: 4
apicid		: 2
initial apicid	: 2
fpu		: yes
fpu_exception	: yes
cpuid level	: 13
wp		: yes
flags		: fpu vme de pse tsc msr pae mce cx8 apic sep mtrr pge mca cmov pat pse36 clflush dts acpi mmx fxsr sse sse2 ss ht tm pbe syscall nx pdpe1gb rdtscp lm constant_tsc arch_perfmon pebs bts rep_good nopl xtopology nonstop_tsc cpuid aperfmperf pni pclmulqdq dtes64 monitor ds_cpl vmx est tm2 ssse3 sdbg fma cx16 xtpr pdcm pcid sse4_1 sse4_2 x2apic movbe popcnt aes xsave avx f16c rdrand lahf_lm abm cpuid_fault invpcid_single pti retpoline tpr_shadow vnmi flexpriority ept vpid fsgsbase tsc_adjust bmi1 avx2 smep bmi2 erms invpcid xsaveopt dtherm ida arat pln pts
bugs		: cpu_meltdown spectre_v1 spectre_v2
bogomips	: 6199.74
clflush size	: 64
cache_alignment	: 64
address sizes	: 39 bits physical, 48 bits virtual
power management:

processor	: 2
vendor_id	: GenuineIntel
cpu family	: 6
model		: 60
model name	: Intel(R) Core(TM) i5-4440 CPU @ 3.10GHz
stepping	: 3
microcode	: 0x7
cpu MHz		: 3099.874
cache size	: 6144 KB
physical id	: 0
siblings	: 4
core id		: 2
cpu cores	: 4
apicid		: 4
initial apicid	: 4
fpu		: yes
fpu_exception	: yes
cpuid level	: 13
wp		: yes
flags		: fpu vme de pse tsc msr pae mce cx8 apic sep mtrr pge mca cmov pat pse36 clflush dts acpi mmx fxsr sse sse2 ss ht tm pbe syscall nx pdpe1gb rdtscp lm constant_tsc arch_perfmon pebs bts rep_good nopl xtopology nonstop_tsc cpuid aperfmperf pni pclmulqdq dtes64 monitor ds_cpl vmx est tm2 ssse3 sdbg fma cx16 xtpr pdcm pcid sse4_1 sse4_2 x2apic movbe popcnt aes xsave avx f16c rdrand lahf_lm abm cpuid_fault invpcid_single pti retpoline tpr_shadow vnmi flexpriority ept vpid fsgsbase tsc_adjust bmi1 avx2 smep bmi2 erms invpcid xsaveopt dtherm ida arat pln pts
bugs		: cpu_meltdown spectre_v1 spectre_v2
bogomips	: 6199.74
clflush size	: 64
cache_alignment	: 64
address sizes	: 39 bits physical, 48 bits virtual
power management:

processor	: 3
vendor_id	: GenuineIntel
cpu family	: 6
model		: 60
model name	: Intel(R) Core(TM) i5-4440 CPU @ 3.10GHz
stepping	: 3
microcode	: 0x7
cpu MHz		: 3099.874
cache size	: 6144 KB
physical id	: 0
siblings	: 4
core id		: 3
cpu cores	: 4
apicid		: 6
initial apicid	: 6
fpu		: yes
fpu_exception	: yes
cpuid level	: 13
wp		: yes
flags		: fpu vme de pse tsc msr pae mce cx8 apic sep mtrr pge mca cmov pat pse36 clflush dts acpi mmx fxsr sse sse2 ss ht tm pbe syscall nx pdpe1gb rdtscp lm constant_tsc arch_perfmon pebs bts rep_good nopl xtopology nonstop_tsc cpuid aperfmperf pni pclmulqdq dtes64 monitor ds_cpl vmx est tm2 ssse3 sdbg fma cx16 xtpr pdcm pcid sse4_1 sse4_2 x2apic movbe popcnt aes xsave avx f16c rdrand lahf_lm abm cpuid_fault invpcid_single pti retpoline tpr_shadow vnmi flexpriority ept vpid fsgsbase tsc_adjust bmi1 avx2 smep bmi2 erms invpcid xsaveopt dtherm ida arat pln pts
bugs		: cpu_meltdown spectre_v1 spectre_v2
bogomips	: 6199.74
clflush size	: 64
cache_alignment	: 64
address sizes	: 39 bits physical, 48 bits virtual
power management:



Memory: 4k page, physical 8093224k(115512k free), swap 0k(0k free)

vm_info: OpenJDK 64-Bit Server VM (25.151-b12) for linux-amd64 JRE (1.8.0_151-8u151-b12-0ubuntu0.16.04.2-b12), built on Oct 27 2017 21:59:02 by "buildd" with gcc 5.4.0 20160609

time: Wed May 30 02:52:11 2018
elapsed time: 18 seconds (0d 0h 0m 18s)

